lua_tinker.obj : error LNK2019: lua_gettop 외부 기호(참조 위치: "struct lua_tinker::table __cdecl lua_tinker::pop<struct lua_tinker::table>(struct lua_State *)" (??$pop@Utable@lua_tinker@@@lua_tinker@@YA?AUtable@0@PEAUlua_State@@@Z) 함수)에서 확인하지 못했습니다.
lua_tinker.obj : error LNK2019: lua_settop 외부 기호(참조 위치: "void __cdecl lua_tinker::pop<void>(struct lua_State *)" (??$pop@X@lua_tinker@@YAXPEAUlua_State@@@Z) 함수)에서 확인하지 못했습니다.
lua_tinker.obj : error LNK2019: lua_pushvalue 외부 기호(참조 위치: "void __cdecl lua_tinker::push<struct lua_tinker::table>(struct lua_State *,struct lua_tinker::table)" (??$push@Utable@lua_tinker@@@lua_tinker@@YAXPEAUlua_State@@Utable@0@@Z) 함수)에서 확인하지 못했습니다.
lua_tinker.obj : error LNK2019: lua_remove 외부 기호(참조 위치: "public: __cdecl lua_tinker::table_obj::table_obj(struct lua_State *,int)" (??0table_obj@lua_tinker@@QEAA@PEAUlua_State@@H@Z) 함수)에서 확인하지 못했습니다.
lua_tinker.obj : error LNK2019: lua_isnumber 외부 기호(참조 위치: "__int64 __cdecl lua_tinker::read<__int64>(struct lua_State *,int)" (??$read@_J@lua_tinker@@YA_JPEAUlua_State@@H@Z) 함수)에서 확인하지 못했습니다.
lua_tinker.obj : error LNK2019: lua_isuserdata 외부 기호(참조 위치: "int __cdecl lua_tinker::meta_get(struct lua_State *)" (?meta_get@lua_tinker@@YAHPEAUlua_State@@@Z) 함수)에서 확인하지 못했습니다.
lua_tinker.obj : error LNK2019: lua_type 외부 기호(참조 위치: "bool __cdecl lua_tinker::read<bool>(struct lua_State *,int)" (??$read@_N@lua_tinker@@YA_NPEAUlua_State@@H@Z) 함수)에서 확인하지 못했습니다.
lua_tinker.obj : error LNK2019: lua_typename 외부 기호(참조 위치: "void __cdecl lua_tinker::enum_stack(struct lua_State *)" (?enum_stack@lua_tinker@@YAXPEAUlua_State@@@Z) 함수)에서 확인하지 못했습니다.
lua_tinker.obj : error LNK2019: lua_tonumber 외부 기호(참조 위치: "char __cdecl lua_tinker::read<char>(struct lua_State *,int)" (??$read@D@lua_tinker@@YADPEAUlua_State@@H@Z) 함수)에서 확인하지 못했습니다.
lua_tinker.obj : error LNK2019: lua_toboolean 외부 기호(참조 위치: "bool __cdecl lua_tinker::read<bool>(struct lua_State *,int)" (??$read@_N@lua_tinker@@YA_NPEAUlua_State@@H@Z) 함수)에서 확인하지 못했습니다.
lua_tinker.obj : error LNK2019: lua_tolstring 외부 기호(참조 위치: "char * __cdecl lua_tinker::read<char *>(struct lua_State *,int)" (??$read@PEAD@lua_tinker@@YAPEADPEAUlua_State@@H@Z) 함수)에서 확인하지 못했습니다.
lua_tinker.obj : error LNK2019: lua_touserdata 외부 기호(참조 위치: "__int64 __cdecl lua_tinker::read<__int64>(struct lua_State *,int)" (??$read@_J@lua_tinker@@YA_JPEAUlua_State@@H@Z) 함수)에서 확인하지 못했습니다.
lua_tinker.obj : error LNK2019: lua_topointer 외부 기호(참조 위치: "public: __cdecl lua_tinker::table_obj::table_obj(struct lua_State *,int)" (??0table_obj@lua_tinker@@QEAA@PEAUlua_State@@H@Z) 함수)에서 확인하지 못했습니다.
lua_tinker.obj : error LNK2019: lua_pushnil 외부 기호(참조 위치: "void __cdecl lua_tinker::push<struct lua_tinker::lua_value *>(struct lua_State *,struct lua_tinker::lua_value *)" (??$push@PEAUlua_value@lua_tinker@@@lua_tinker@@YAXPEAUlua_State@@PEAUlua_value@0@@Z) 함수)에서 확인하지 못했습니다.
lua_tinker.obj : error LNK2019: lua_pushnumber 외부 기호(참조 위치: "void __cdecl lua_tinker::push<char>(struct lua_State *,char)" (??$push@D@lua_tinker@@YAXPEAUlua_State@@D@Z) 함수)에서 확인하지 못했습니다.
lua_tinker.obj : error LNK2019: lua_pushstring 외부 기호(참조 위치: "void __cdecl lua_tinker::push<char *>(struct lua_State *,char *)" (??$push@PEAD@lua_tinker@@YAXPEAUlua_State@@PEAD@Z) 함수)에서 확인하지 못했습니다.
lua_tinker.obj : error LNK2019: lua_pushfstring 외부 기호(참조 위치: "int __cdecl lua_tinker::meta_get(struct lua_State *)" (?meta_get@lua_tinker@@YAHPEAUlua_State@@@Z) 함수)에서 확인하지 못했습니다.
lua_tinker.obj : error LNK2019: lua_pushcclosure 외부 기호(참조 위치: "void __cdecl lua_tinker::dobuffer(struct lua_State *,char const *,unsigned __int64)" (?dobuffer@lua_tinker@@YAXPEAUlua_State@@PEBD_K@Z) 함수)에서 확인하지 못했습니다.
lua_tinker.obj : error LNK2019: lua_pushboolean 외부 기호(참조 위치: "void __cdecl lua_tinker::push<bool>(struct lua_State *,bool)" (??$push@_N@lua_tinker@@YAXPEAUlua_State@@_N@Z) 함수)에서 확인하지 못했습니다.
lua_tinker.obj : error LNK2019: lua_gettable 외부 기호(참조 위치: "void __cdecl lua_tinker::push<__int64>(struct lua_State *,__int64)" (??$push@_J@lua_tinker@@YAXPEAUlua_State@@_J@Z) 함수)에서 확인하지 못했습니다.
lua_tinker.obj : error LNK2019: lua_rawget 외부 기호(참조 위치: "void __cdecl invoke_parent(struct lua_State *)" (?invoke_parent@@YAXPEAUlua_State@@@Z) 함수)에서 확인하지 못했습니다.
lua_tinker.obj : error LNK2019: lua_createtable 외부 기호(참조 위치: "public: __cdecl lua_tinker::table::table(struct lua_State *)" (??0table@lua_tinker@@QEAA@PEAUlua_State@@@Z) 함수)에서 확인하지 못했습니다.
lua_tinker.obj : error LNK2019: lua_newuserdata 외부 기호(참조 위치: "void __cdecl lua_tinker::push<__int64>(struct lua_State *,__int64)" (??$push@_J@lua_tinker@@YAXPEAUlua_State@@_J@Z) 함수)에서 확인하지 못했습니다.
lua_tinker.obj : error LNK2019: lua_getmetatable 외부 기호(참조 위치: "int __cdecl lua_tinker::meta_get(struct lua_State *)" (?meta_get@lua_tinker@@YAHPEAUlua_State@@@Z) 함수)에서 확인하지 못했습니다.
lua_tinker.obj : error LNK2019: lua_settable 외부 기호(참조 위치: "public: __cdecl lua_tinker::table::table(struct lua_State *,char const *)" (??0table@lua_tinker@@QEAA@PEAUlua_State@@PEBD@Z) 함수)에서 확인하지 못했습니다.
lua_tinker.obj : error LNK2019: lua_rawset 외부 기호(참조 위치: "void __cdecl lua_tinker::init_s64(struct lua_State *)" (?init_s64@lua_tinker@@YAXPEAUlua_State@@@Z) 함수)에서 확인하지 못했습니다.
lua_tinker.obj : error LNK2019: lua_setmetatable 외부 기호(참조 위치: "void __cdecl lua_tinker::push<__int64>(struct lua_State *,__int64)" (??$push@_J@lua_tinker@@YAXPEAUlua_State@@_J@Z) 함수)에서 확인하지 못했습니다.
lua_tinker.obj : error LNK2019: lua_call 외부 기호(참조 위치: "void __cdecl lua_tinker::print_error(struct lua_State *,char const *,...)" (?print_error@lua_tinker@@YAXPEAUlua_State@@PEBDZZ) 함수)에서 확인하지 못했습니다.
lua_tinker.obj : error LNK2019: lua_pcall 외부 기호(참조 위치: "void __cdecl lua_tinker::dobuffer(struct lua_State *,char const *,unsigned __int64)" (?dobuffer@lua_tinker@@YAXPEAUlua_State@@PEBD_K@Z) 함수)에서 확인하지 못했습니다.
lua_tinker.obj : error LNK2019: lua_error 외부 기호(참조 위치: "int __cdecl lua_tinker::meta_get(struct lua_State *)" (?meta_get@lua_tinker@@YAHPEAUlua_State@@@Z) 함수)에서 확인하지 못했습니다.
lua_tinker.obj : error LNK2019: lua_getstack 외부 기호(참조 위치: "void __cdecl call_stack(struct lua_State *,int)" (?call_stack@@YAXPEAUlua_State@@H@Z) 함수)에서 확인하지 못했습니다.
lua_tinker.obj : error LNK2019: lua_getinfo 외부 기호(참조 위치: "void __cdecl call_stack(struct lua_State *,int)" (?call_stack@@YAXPEAUlua_State@@H@Z) 함수)에서 확인하지 못했습니다.
lua_tinker.obj : error LNK2019: luaL_loadfile 외부 기호(참조 위치: "void __cdecl lua_tinker::dofile(struct lua_State *,char const *)" (?dofile@lua_tinker@@YAXPEAUlua_State@@PEBD@Z) 함수)에서 확인하지 못했습니다.
lua_tinker.obj : error LNK2019: luaL_loadbuffer 외부 기호(참조 위치: "void __cdecl lua_tinker::dobuffer(struct lua_State *,char const *,unsigned __int64)" (?dobuffer@lua_tinker@@YAXPEAUlua_State@@PEBD_K@Z) 함수)에서 확인하지 못했습니다.
소스.obj : error LNK2019: lua_close 외부 기호(참조 위치: main 함수)에서 확인하지 못했습니다.
소스.obj : error LNK2019: luaL_openlibs 외부 기호(참조 위치: main 함수)에서 확인하지 못했습니다.
소스.obj : error LNK2019: luaL_newstate 외부 기호(참조 위치: main 함수)에서 확인하지 못했습니다.
C:\Users\unknown15\Documents\GitHub\Job-Training\Practice_Project\[17.01.03]Redis\[17.01.03]Redis\lib\lua5.1.lib : warning LNK4272: 'X86' 라이브러리 컴퓨터 종류가 'x64' 대상 컴퓨터 종류와 충돌합니다.
C:\Users\unknown15\Documents\GitHub\Job-Training\Practice_Project\[17.01.03]Redis\[17.01.03]Redis\lib\lua51.lib : warning LNK4272: 'X86' 라이브러리 컴퓨터 종류가 'x64' 대상 컴퓨터 종류와 충돌합니다.
C:\Users\unknown15\Documents\GitHub\Job-Training\Practice_Project\[17.01.03]Redis\x64\Debug\[17.01.03]Redis.exe : fatal error LNK1120: 37개의 확인할 수 없는 외부 참조입니다.
